<?xml version="1.0" encoding="UTF-8"?>
<!-- Generated by org.testng.reporters.JUnitReportReporter -->
<testsuite hostname="DESKTOP-OTIQ28N" failures="0" tests="1" name="SearchTest" time="3.610" errors="0" timestamp="06 авг. 2023 15:22:26 GMT" skipped="0">
  <testcase classname="SearchTest" name="shouldBeVisibleUbisoftTitle" time="3.610"/>
</testsuite> <!-- SearchTest -->
