<?xml version="1.0" encoding="UTF-8"?>
<!-- Generated by org.testng.reporters.JUnitReportReporter -->
<testsuite hostname="DESKTOP-OTIQ28N" failures="0" tests="1" name="LoginTest" time="7.332" errors="0" timestamp="06 авг. 2023 16:52:34 GMT" skipped="0">
  <testcase classname="LoginTest" name="checkUserNameAfterLogin" time="7.332"/>
</testsuite> <!-- LoginTest -->
