<?xml version="1.0" encoding="UTF-8"?>
<!-- Generated by org.testng.reporters.JUnitReportReporter -->
<testsuite hostname="DESKTOP-OTIQ28N" failures="0" tests="2" name="ValidationTest" time="8.248" errors="0" timestamp="06 авг. 2023 17:19:49 GMT" skipped="0">
  <testcase classname="ValidationTest" name="checkUserNameValidation" time="4.539"/>
  <testcase classname="ValidationTest" name="checkPasswordValidation" time="3.709"/>
</testsuite> <!-- ValidationTest -->
